{"total": {"lines":{"total":325,"covered":323,"skipped":0,"pct":99.38},"statements":{"total":325,"covered":323,"skipped":0,"pct":99.38},"functions":{"total":39,"covered":39,"skipped":0,"pct":100},"branches":{"total":59,"covered":53,"skipped":0,"pct":89.83},"branchesTrue":{"total":0,"covered":0,"skipped":0,"pct":100}}
,"/Users/rory/TuesdayTrust/apps/web/components/answer-card.tsx": {"lines":{"total":38,"covered":38,"skipped":0,"pct":100},"functions":{"total":1,"covered":1,"skipped":0,"pct":100},"statements":{"total":38,"covered":38,"skipped":0,"pct":100},"branches":{"total":7,"covered":7,"skipped":0,"pct":100}}
,"/Users/rory/TuesdayTrust/apps/web/components/confidence-badge.tsx": {"lines":{"total":17,"covered":17,"skipped":0,"pct":100},"functions":{"total":1,"covered":1,"skipped":0,"pct":100},"statements":{"total":17,"covered":17,"skipped":0,"pct":100},"branches":{"total":1,"covered":1,"skipped":0,"pct":100}}
,"/Users/rory/TuesdayTrust/apps/web/components/review-queue-row.tsx": {"lines":{"total":14,"covered":14,"skipped":0,"pct":100},"functions":{"total":1,"covered":1,"skipped":0,"pct":100},"statements":{"total":14,"covered":14,"skipped":0,"pct":100},"branches":{"total":3,"covered":3,"skipped":0,"pct":100}}
,"/Users/rory/TuesdayTrust/apps/web/components/roi-tile.tsx": {"lines":{"total":11,"covered":11,"skipped":0,"pct":100},"functions":{"total":1,"covered":1,"skipped":0,"pct":100},"statements":{"total":11,"covered":11,"skipped":0,"pct":100},"branches":{"total":3,"covered":3,"skipped":0,"pct":100}}
,"/Users/rory/TuesdayTrust/apps/web/components/scope-chip.tsx": {"lines":{"total":10,"covered":10,"skipped":0,"pct":100},"functions":{"total":1,"covered":1,"skipped":0,"pct":100},"statements":{"total":10,"covered":10,"skipped":0,"pct":100},"branches":{"total":1,"covered":1,"skipped":0,"pct":100}}
,"/Users/rory/TuesdayTrust/apps/web/components/status-badge.tsx": {"lines":{"total":20,"covered":20,"skipped":0,"pct":100},"functions":{"total":1,"covered":1,"skipped":0,"pct":100},"statements":{"total":20,"covered":20,"skipped":0,"pct":100},"branches":{"total":1,"covered":1,"skipped":0,"pct":100}}
,"/Users/rory/TuesdayTrust/apps/web/lib/api.ts": {"lines":{"total":215,"covered":213,"skipped":0,"pct":99.06},"functions":{"total":33,"covered":33,"skipped":0,"pct":100},"statements":{"total":215,"covered":213,"skipped":0,"pct":99.06},"branches":{"total":43,"covered":37,"skipped":0,"pct":86.04}}
}
